firebaseDemo/app/build/intermediates/manifest_merge_blame_file/debug/manifest-merger-blame-debug-report.txt
1<?xml version="1.0" encoding="utf-8"?>
2<manifest xmlns:android="http://schemas.android.com/apk/res/android"
3    package="com.example.firebasedemo"
4    android:versionCode="1"
5    android:versionName="1.0" >
6
7    <uses-sdk
8        android:minSdkVersion="16"
8-->src\main\AndroidManifest.xml
9        android:targetSdkVersion="31" />
9-->src\main\AndroidManifest.xml
10
11    <!-- Although the *SdkVersion is captured in gradle build files, this is required for non gradle builds -->
12    <!-- <uses-sdk android:minSdkVersion="14"/> -->
13    <uses-permission android:name="android.permission.ACCESS_NETWORK_STATE" />
13-->[com.google.firebase:firebase-database:20.0.2] AndroidManifest.xml:25:5-79
13-->[com.google.firebase:firebase-database:20.0.2] AndroidManifest.xml:25:22-76
14    <uses-permission android:name="android.permission.INTERNET" />
14-->[com.google.firebase:firebase-database:20.0.2] AndroidManifest.xml:26:5-67
14-->[com.google.firebase:firebase-database:20.0.2] AndroidManifest.xml:26:22-64
15
16    <application
16-->src\main\AndroidManifest.xml:5:5-21:19
17        android:allowBackup="true"
17-->src\main\AndroidManifest.xml:6:9-35
18        android:appComponentFactory="androidx.core.app.CoreComponentFactory"
18-->[androidx.core:core:1.5.0] AndroidManifest.xml:24:18-86
19        android:debuggable="true"
20        android:icon="@mipmap/ic_launcher"
20-->src\main\AndroidManifest.xml:7:9-43
21        android:label="@string/app_name"
21-->src\main\AndroidManifest.xml:8:9-41
22        android:roundIcon="@mipmap/ic_launcher_round"
22-->src\main\AndroidManifest.xml:9:9-54
23        android:supportsRtl="true"
23-->src\main\AndroidManifest.xml:10:9-35
24        android:testOnly="true"
25        android:theme="@style/Theme.FirebaseDemo" >
25-->src\main\AndroidManifest.xml:11:9-50
26        <activity
26-->src\main\AndroidManifest.xml:12:9-20:20
27            android:name="com.example.firebasedemo.MainActivity"
27-->src\main\AndroidManifest.xml:13:13-41
28            android:exported="true" >
28-->src\main\AndroidManifest.xml:14:13-36
29            <intent-filter>
29-->src\main\AndroidManifest.xml:15:13-19:29
30                <action android:name="android.intent.action.MAIN" />
30-->src\main\AndroidManifest.xml:16:17-69
30-->src\main\AndroidManifest.xml:16:25-66
31
32                <category android:name="android.intent.category.LAUNCHER" />
32-->src\main\AndroidManifest.xml:18:17-77
32-->src\main\AndroidManifest.xml:18:27-74
33            </intent-filter>
34        </activity>
35
36        <service
36-->[com.google.firebase:firebase-database:20.0.2] AndroidManifest.xml:29:9-35:19
37            android:name="com.google.firebase.components.ComponentDiscoveryService"
37-->[com.google.firebase:firebase-database:20.0.2] AndroidManifest.xml:30:13-84
38            android:directBootAware="true"
38-->[com.google.firebase:firebase-common:20.0.0] AndroidManifest.xml:35:13-43
39            android:exported="false" >
39-->[com.google.firebase:firebase-database:20.0.2] AndroidManifest.xml:31:13-37
40            <meta-data
40-->[com.google.firebase:firebase-database:20.0.2] AndroidManifest.xml:32:13-34:85
41                android:name="com.google.firebase.components:com.google.firebase.database.DatabaseRegistrar"
41-->[com.google.firebase:firebase-database:20.0.2] AndroidManifest.xml:33:17-109
42                android:value="com.google.firebase.components.ComponentRegistrar" />
42-->[com.google.firebase:firebase-database:20.0.2] AndroidManifest.xml:34:17-82
43        </service>
44
45        <provider
45-->[com.google.firebase:firebase-common:20.0.0] AndroidManifest.xml:26:9-31:39
46            android:name="com.google.firebase.provider.FirebaseInitProvider"
46-->[com.google.firebase:firebase-common:20.0.0] AndroidManifest.xml:27:13-77
47            android:authorities="com.example.firebasedemo.firebaseinitprovider"
47-->[com.google.firebase:firebase-common:20.0.0] AndroidManifest.xml:28:13-72
48            android:directBootAware="true"
48-->[com.google.firebase:firebase-common:20.0.0] AndroidManifest.xml:29:13-43
49            android:exported="false"
49-->[com.google.firebase:firebase-common:20.0.0] AndroidManifest.xml:30:13-37
50            android:initOrder="100" />
50-->[com.google.firebase:firebase-common:20.0.0] AndroidManifest.xml:31:13-36
51
52        <activity
52-->[com.google.android.gms:play-services-base:17.1.0] AndroidManifest.xml:23:9-26:75
53            android:name="com.google.android.gms.common.api.GoogleApiActivity"
53-->[com.google.android.gms:play-services-base:17.1.0] AndroidManifest.xml:24:13-79
54            android:exported="false"
54-->[com.google.android.gms:play-services-base:17.1.0] AndroidManifest.xml:25:13-37
55            android:theme="@android:style/Theme.Translucent.NoTitleBar" />
55-->[com.google.android.gms:play-services-base:17.1.0] AndroidManifest.xml:26:13-72
56
57        <meta-data
57-->[com.google.android.gms:play-services-basement:17.0.0] AndroidManifest.xml:23:9-25:69
58            android:name="com.google.android.gms.version"
58-->[com.google.android.gms:play-services-basement:17.0.0] AndroidManifest.xml:24:13-58
59            android:value="@integer/google_play_services_version" />
59-->[com.google.android.gms:play-services-basement:17.0.0] AndroidManifest.xml:25:13-66
60    </application>
61
62</manifest>